<?xml version="1.0" encoding="UTF-8"?>
<testng-results ignored="0" total="1" passed="1" failed="0" skipped="0">
  <reporter-output>
  </reporter-output>
  <suite started-at="2022-03-26T18:26:03 IST" name="Default suite" finished-at="2022-03-26T18:26:05 IST" duration-ms="2098">
    <groups>
    </groups>
    <test started-at="2022-03-26T18:26:03 IST" name="Default test" finished-at="2022-03-26T18:26:05 IST" duration-ms="2098">
      <class name="restassuredexmaples.Post">
        <test-method signature="createnewrecord()[pri:0, instance:restassuredexmaples.Post@4944252c]" started-at="2022-03-26T18:26:03 IST" name="createnewrecord" finished-at="2022-03-26T18:26:05 IST" duration-ms="2069" status="PASS">
          <reporter-output>
          </reporter-output>
        </test-method> <!-- createnewrecord -->
      </class> <!-- restassuredexmaples.Post -->
    </test> <!-- Default test -->
  </suite> <!-- Default suite -->
</testng-results>
